{"/Users/uranium/Workstation/Sleep and Earn/MoJaams/backend/app.js": {"path":"/Users/uranium/Workstation/Sleep and Earn/MoJaams/backend/app.js","statementMap":{"0":{"start":{"line":1,"column":16},"end":{"line":1,"column":34}},"1":{"start":{"line":2,"column":15},"end":{"line":2,"column":32}},"2":{"start":{"line":3,"column":19},"end":{"line":3,"column":41}},"3":{"start":{"line":4,"column":24},"end":{"line":4,"column":55}},"4":{"start":{"line":5,"column":20},"end":{"line":5,"column":48}},"5":{"start":{"line":7,"column":12},"end":{"line":7,"column":21}},"6":{"start":{"line":9,"column":0},"end":{"line":9,"column":23}},"7":{"start":{"line":11,"column":0},"end":{"line":11,"column":27}},"8":{"start":{"line":12,"column":0},"end":{"line":12,"column":52}},"9":{"start":{"line":14,"column":0},"end":{"line":28,"column":3}},"10":{"start":{"line":15,"column":2},"end":{"line":15,"column":49}},"11":{"start":{"line":16,"column":2},"end":{"line":19,"column":4}},"12":{"start":{"line":21,"column":2},"end":{"line":24,"column":3}},"13":{"start":{"line":22,"column":4},"end":{"line":22,"column":80}},"14":{"start":{"line":23,"column":4},"end":{"line":23,"column":36}},"15":{"start":{"line":26,"column":2},"end":{"line":26,"column":9}},"16":{"start":{"line":27,"column":2},"end":{"line":27,"column":14}},"17":{"start":{"line":30,"column":0},"end":{"line":30,"column":29}},"18":{"start":{"line":32,"column":0},"end":{"line":34,"column":3}},"19":{"start":{"line":33,"column":2},"end":{"line":33,"column":26}},"20":{"start":{"line":36,"column":0},"end":{"line":36,"column":21}}},"fnMap":{"0":{"name":"(anonymous_0)","decl":{"start":{"line":14,"column":8},"end":{"line":14,"column":9}},"loc":{"start":{"line":14,"column":28},"end":{"line":28,"column":1}},"line":14},"1":{"name":"(anonymous_1)","decl":{"start":{"line":32,"column":8},"end":{"line":32,"column":9}},"loc":{"start":{"line":32,"column":29},"end":{"line":34,"column":1}},"line":32}},"branchMap":{"0":{"loc":{"start":{"line":21,"column":2},"end":{"line":24,"column":3}},"type":"if","locations":[{"start":{"line":21,"column":2},"end":{"line":24,"column":3}},{"start":{"line":21,"column":2},"end":{"line":24,"column":3}}],"line":21}},"s":{"0":2,"1":2,"2":2,"3":2,"4":2,"5":2,"6":2,"7":2,"8":2,"9":2,"10":7,"11":7,"12":7,"13":0,"14":0,"15":7,"16":7,"17":2,"18":2,"19":0,"20":2},"f":{"0":7,"1":0},"b":{"0":[0,7]},"_coverageSchema":"43e27e138ebf9cfc5966b082cf9a028302ed4184","hash":"ca037ccb8182dfbdd6b03890739b45a2aa0d6a99"}
,"/Users/uranium/Workstation/Sleep and Earn/MoJaams/backend/src/controllers/index.js": {"path":"/Users/uranium/Workstation/Sleep and Earn/MoJaams/backend/src/controllers/index.js","statementMap":{"0":{"start":{"line":1,"column":16},"end":{"line":1,"column":34}},"1":{"start":{"line":2,"column":24},"end":{"line":2,"column":42}},"2":{"start":{"line":3,"column":27},"end":{"line":3,"column":48}},"3":{"start":{"line":4,"column":25},"end":{"line":4,"column":44}},"4":{"start":{"line":5,"column":31},"end":{"line":5,"column":56}},"5":{"start":{"line":7,"column":15},"end":{"line":7,"column":31}},"6":{"start":{"line":9,"column":0},"end":{"line":13,"column":2}},"7":{"start":{"line":10,"column":2},"end":{"line":12,"column":4}},"8":{"start":{"line":15,"column":0},"end":{"line":15,"column":41}},"9":{"start":{"line":16,"column":0},"end":{"line":16,"column":47}},"10":{"start":{"line":17,"column":0},"end":{"line":17,"column":43}},"11":{"start":{"line":18,"column":0},"end":{"line":18,"column":56}},"12":{"start":{"line":20,"column":0},"end":{"line":20,"column":24}}},"fnMap":{"0":{"name":"(anonymous_0)","decl":{"start":{"line":9,"column":22},"end":{"line":9,"column":23}},"loc":{"start":{"line":10,"column":2},"end":{"line":12,"column":4}},"line":10}},"branchMap":{},"s":{"0":2,"1":2,"2":2,"3":2,"4":2,"5":2,"6":2,"7":0,"8":2,"9":2,"10":2,"11":2,"12":2},"f":{"0":0},"b":{},"_coverageSchema":"43e27e138ebf9cfc5966b082cf9a028302ed4184","hash":"f8523b8c953948d5c588846a8d550eb8d81e7795"}
,"/Users/uranium/Workstation/Sleep and Earn/MoJaams/backend/src/controllers/itemVariants.js": {"path":"/Users/uranium/Workstation/Sleep and Earn/MoJaams/backend/src/controllers/itemVariants.js","statementMap":{"0":{"start":{"line":1,"column":16},"end":{"line":1,"column":34}},"1":{"start":{"line":2,"column":12},"end":{"line":2,"column":26}},"2":{"start":{"line":3,"column":28},"end":{"line":3,"column":63}},"3":{"start":{"line":4,"column":24},"end":{"line":4,"column":52}},"4":{"start":{"line":5,"column":22},"end":{"line":5,"column":47}},"5":{"start":{"line":7,"column":15},"end":{"line":7,"column":31}},"6":{"start":{"line":9,"column":0},"end":{"line":35,"column":2}},"7":{"start":{"line":17,"column":23},"end":{"line":17,"column":32}},"8":{"start":{"line":18,"column":4},"end":{"line":33,"column":5}},"9":{"start":{"line":19,"column":30},"end":{"line":19,"column":59}},"10":{"start":{"line":21,"column":36},"end":{"line":28,"column":7}},"11":{"start":{"line":22,"column":64},"end":{"line":27,"column":9}},"12":{"start":{"line":30,"column":6},"end":{"line":30,"column":50}},"13":{"start":{"line":32,"column":6},"end":{"line":32,"column":30}},"14":{"start":{"line":37,"column":0},"end":{"line":37,"column":24}}},"fnMap":{"0":{"name":"(anonymous_0)","decl":{"start":{"line":16,"column":2},"end":{"line":16,"column":3}},"loc":{"start":{"line":16,"column":22},"end":{"line":34,"column":3}},"line":16},"1":{"name":"(anonymous_1)","decl":{"start":{"line":22,"column":8},"end":{"line":22,"column":9}},"loc":{"start":{"line":22,"column":64},"end":{"line":27,"column":9}},"line":22}},"branchMap":{},"s":{"0":2,"1":2,"2":2,"3":2,"4":2,"5":2,"6":2,"7":1,"8":1,"9":1,"10":1,"11":5,"12":1,"13":0,"14":2},"f":{"0":1,"1":5},"b":{},"_coverageSchema":"43e27e138ebf9cfc5966b082cf9a028302ed4184","hash":"54ae99d82978c2e8aec64ea4c8f2177e6ac38f46"}
,"/Users/uranium/Workstation/Sleep and Earn/MoJaams/backend/src/controllers/items.js": {"path":"/Users/uranium/Workstation/Sleep and Earn/MoJaams/backend/src/controllers/items.js","statementMap":{"0":{"start":{"line":1,"column":16},"end":{"line":1,"column":34}},"1":{"start":{"line":2,"column":12},"end":{"line":2,"column":26}},"2":{"start":{"line":4,"column":33},"end":{"line":4,"column":61}},"3":{"start":{"line":5,"column":24},"end":{"line":5,"column":52}},"4":{"start":{"line":6,"column":22},"end":{"line":6,"column":47}},"5":{"start":{"line":8,"column":15},"end":{"line":8,"column":31}},"6":{"start":{"line":10,"column":0},"end":{"line":49,"column":4}},"7":{"start":{"line":20,"column":25},"end":{"line":20,"column":34}},"8":{"start":{"line":21,"column":6},"end":{"line":26,"column":7}},"9":{"start":{"line":22,"column":25},"end":{"line":22,"column":47}},"10":{"start":{"line":23,"column":8},"end":{"line":23,"column":39}},"11":{"start":{"line":25,"column":8},"end":{"line":25,"column":32}},"12":{"start":{"line":40,"column":23},"end":{"line":40,"column":31}},"13":{"start":{"line":42,"column":6},"end":{"line":47,"column":7}},"14":{"start":{"line":43,"column":28},"end":{"line":43,"column":50}},"15":{"start":{"line":44,"column":8},"end":{"line":44,"column":42}},"16":{"start":{"line":46,"column":8},"end":{"line":46,"column":32}},"17":{"start":{"line":51,"column":0},"end":{"line":51,"column":24}}},"fnMap":{"0":{"name":"(anonymous_0)","decl":{"start":{"line":19,"column":4},"end":{"line":19,"column":5}},"loc":{"start":{"line":19,"column":24},"end":{"line":27,"column":5}},"line":19},"1":{"name":"(anonymous_1)","decl":{"start":{"line":39,"column":4},"end":{"line":39,"column":5}},"loc":{"start":{"line":39,"column":24},"end":{"line":48,"column":5}},"line":39}},"branchMap":{},"s":{"0":2,"1":2,"2":2,"3":2,"4":2,"5":2,"6":2,"7":0,"8":0,"9":0,"10":0,"11":0,"12":0,"13":0,"14":0,"15":0,"16":0,"17":2},"f":{"0":0,"1":0},"b":{},"_coverageSchema":"43e27e138ebf9cfc5966b082cf9a028302ed4184","hash":"1c79cbb7eb34e7f04a5d40338522a6288df9706d"}
,"/Users/uranium/Workstation/Sleep and Earn/MoJaams/backend/src/controllers/orders.js": {"path":"/Users/uranium/Workstation/Sleep and Earn/MoJaams/backend/src/controllers/orders.js","statementMap":{"0":{"start":{"line":1,"column":16},"end":{"line":1,"column":34}},"1":{"start":{"line":2,"column":12},"end":{"line":2,"column":26}},"2":{"start":{"line":9,"column":4},"end":{"line":9,"column":33}},"3":{"start":{"line":10,"column":24},"end":{"line":10,"column":52}},"4":{"start":{"line":11,"column":22},"end":{"line":11,"column":47}},"5":{"start":{"line":13,"column":15},"end":{"line":13,"column":31}},"6":{"start":{"line":15,"column":0},"end":{"line":75,"column":4}},"7":{"start":{"line":41,"column":55},"end":{"line":41,"column":63}},"8":{"start":{"line":43,"column":6},"end":{"line":52,"column":7}},"9":{"start":{"line":44,"column":29},"end":{"line":48,"column":9}},"10":{"start":{"line":49,"column":8},"end":{"line":49,"column":43}},"11":{"start":{"line":51,"column":8},"end":{"line":51,"column":32}},"12":{"start":{"line":66,"column":54},"end":{"line":66,"column":63}},"13":{"start":{"line":68,"column":6},"end":{"line":73,"column":7}},"14":{"start":{"line":69,"column":23},"end":{"line":69,"column":75}},"15":{"start":{"line":70,"column":8},"end":{"line":70,"column":41}},"16":{"start":{"line":72,"column":8},"end":{"line":72,"column":32}},"17":{"start":{"line":77,"column":0},"end":{"line":138,"column":4}},"18":{"start":{"line":87,"column":26},"end":{"line":87,"column":36}},"19":{"start":{"line":89,"column":6},"end":{"line":103,"column":7}},"20":{"start":{"line":90,"column":45},"end":{"line":90,"column":74}},"21":{"start":{"line":91,"column":36},"end":{"line":98,"column":9}},"22":{"start":{"line":92,"column":50},"end":{"line":97,"column":11}},"23":{"start":{"line":100,"column":8},"end":{"line":100,"column":80}},"24":{"start":{"line":102,"column":8},"end":{"line":102,"column":32}},"25":{"start":{"line":129,"column":26},"end":{"line":129,"column":36}},"26":{"start":{"line":130,"column":38},"end":{"line":130,"column":46}},"27":{"start":{"line":131,"column":6},"end":{"line":136,"column":7}},"28":{"start":{"line":132,"column":29},"end":{"line":132,"column":73}},"29":{"start":{"line":133,"column":8},"end":{"line":133,"column":43}},"30":{"start":{"line":135,"column":8},"end":{"line":135,"column":32}},"31":{"start":{"line":140,"column":0},"end":{"line":140,"column":24}}},"fnMap":{"0":{"name":"(anonymous_0)","decl":{"start":{"line":40,"column":4},"end":{"line":40,"column":5}},"loc":{"start":{"line":40,"column":24},"end":{"line":53,"column":5}},"line":40},"1":{"name":"(anonymous_1)","decl":{"start":{"line":65,"column":4},"end":{"line":65,"column":5}},"loc":{"start":{"line":65,"column":24},"end":{"line":74,"column":5}},"line":65},"2":{"name":"(anonymous_2)","decl":{"start":{"line":86,"column":4},"end":{"line":86,"column":5}},"loc":{"start":{"line":86,"column":24},"end":{"line":104,"column":5}},"line":86},"3":{"name":"(anonymous_3)","decl":{"start":{"line":92,"column":10},"end":{"line":92,"column":11}},"loc":{"start":{"line":92,"column":50},"end":{"line":97,"column":11}},"line":92},"4":{"name":"(anonymous_4)","decl":{"start":{"line":128,"column":4},"end":{"line":128,"column":5}},"loc":{"start":{"line":128,"column":24},"end":{"line":137,"column":5}},"line":128}},"branchMap":{},"s":{"0":2,"1":2,"2":2,"3":2,"4":2,"5":2,"6":2,"7":1,"8":1,"9":1,"10":1,"11":0,"12":0,"13":0,"14":0,"15":0,"16":0,"17":2,"18":0,"19":0,"20":0,"21":0,"22":0,"23":0,"24":0,"25":0,"26":0,"27":0,"28":0,"29":0,"30":0,"31":2},"f":{"0":1,"1":0,"2":0,"3":0,"4":0},"b":{},"_coverageSchema":"43e27e138ebf9cfc5966b082cf9a028302ed4184","hash":"e610988c976119c87c81349c68dcb83e3f4cef06"}
,"/Users/uranium/Workstation/Sleep and Earn/MoJaams/backend/src/controllers/variants.js": {"path":"/Users/uranium/Workstation/Sleep and Earn/MoJaams/backend/src/controllers/variants.js","statementMap":{"0":{"start":{"line":1,"column":16},"end":{"line":1,"column":34}},"1":{"start":{"line":2,"column":12},"end":{"line":2,"column":26}},"2":{"start":{"line":4,"column":38},"end":{"line":4,"column":69}},"3":{"start":{"line":5,"column":24},"end":{"line":5,"column":52}},"4":{"start":{"line":6,"column":22},"end":{"line":6,"column":47}},"5":{"start":{"line":8,"column":15},"end":{"line":8,"column":31}},"6":{"start":{"line":10,"column":0},"end":{"line":30,"column":2}},"7":{"start":{"line":21,"column":21},"end":{"line":21,"column":29}},"8":{"start":{"line":23,"column":4},"end":{"line":28,"column":5}},"9":{"start":{"line":24,"column":29},"end":{"line":24,"column":54}},"10":{"start":{"line":25,"column":6},"end":{"line":25,"column":43}},"11":{"start":{"line":27,"column":6},"end":{"line":27,"column":30}},"12":{"start":{"line":32,"column":0},"end":{"line":49,"column":2}},"13":{"start":{"line":40,"column":26},"end":{"line":40,"column":36}},"14":{"start":{"line":42,"column":4},"end":{"line":47,"column":5}},"15":{"start":{"line":43,"column":22},"end":{"line":43,"column":49}},"16":{"start":{"line":44,"column":6},"end":{"line":44,"column":36}},"17":{"start":{"line":46,"column":6},"end":{"line":46,"column":30}},"18":{"start":{"line":51,"column":0},"end":{"line":51,"column":24}}},"fnMap":{"0":{"name":"(anonymous_0)","decl":{"start":{"line":20,"column":2},"end":{"line":20,"column":3}},"loc":{"start":{"line":20,"column":22},"end":{"line":29,"column":3}},"line":20},"1":{"name":"(anonymous_1)","decl":{"start":{"line":39,"column":2},"end":{"line":39,"column":3}},"loc":{"start":{"line":39,"column":22},"end":{"line":48,"column":3}},"line":39}},"branchMap":{},"s":{"0":2,"1":2,"2":2,"3":2,"4":2,"5":2,"6":2,"7":0,"8":0,"9":0,"10":0,"11":0,"12":2,"13":0,"14":0,"15":0,"16":0,"17":0,"18":2},"f":{"0":0,"1":0},"b":{},"_coverageSchema":"43e27e138ebf9cfc5966b082cf9a028302ed4184","hash":"0b5abc8d3ea5b281783ddbf3ebfd914081baeb66"}
,"/Users/uranium/Workstation/Sleep and Earn/MoJaams/backend/src/middlewares/index.js": {"path":"/Users/uranium/Workstation/Sleep and Earn/MoJaams/backend/src/middlewares/index.js","statementMap":{"0":{"start":{"line":1,"column":18},"end":{"line":1,"column":40}},"1":{"start":{"line":3,"column":0},"end":{"line":5,"column":2}}},"fnMap":{},"branchMap":{},"s":{"0":2,"1":2},"f":{},"b":{},"_coverageSchema":"43e27e138ebf9cfc5966b082cf9a028302ed4184","hash":"cf631448a6609afe992133c9809b425a0e5a5aa1"}
,"/Users/uranium/Workstation/Sleep and Earn/MoJaams/backend/src/middlewares/validator.js": {"path":"/Users/uranium/Workstation/Sleep and Earn/MoJaams/backend/src/middlewares/validator.js","statementMap":{"0":{"start":{"line":1,"column":12},"end":{"line":1,"column":26}},"1":{"start":{"line":2,"column":38},"end":{"line":2,"column":66}},"2":{"start":{"line":4,"column":18},"end":{"line":20,"column":1}},"3":{"start":{"line":4,"column":40},"end":{"line":20,"column":1}},"4":{"start":{"line":5,"column":2},"end":{"line":19,"column":3}},"5":{"start":{"line":6,"column":22},"end":{"line":6,"column":57}},"6":{"start":{"line":7,"column":18},"end":{"line":7,"column":31}},"7":{"start":{"line":9,"column":4},"end":{"line":16,"column":5}},"8":{"start":{"line":10,"column":6},"end":{"line":10,"column":13}},"9":{"start":{"line":12,"column":26},"end":{"line":12,"column":31}},"10":{"start":{"line":13,"column":22},"end":{"line":13,"column":61}},"11":{"start":{"line":13,"column":41},"end":{"line":13,"column":50}},"12":{"start":{"line":15,"column":6},"end":{"line":15,"column":43}},"13":{"start":{"line":18,"column":4},"end":{"line":18,"column":28}},"14":{"start":{"line":22,"column":0},"end":{"line":22,"column":27}}},"fnMap":{"0":{"name":"(anonymous_0)","decl":{"start":{"line":4,"column":18},"end":{"line":4,"column":19}},"loc":{"start":{"line":4,"column":40},"end":{"line":20,"column":1}},"line":4},"1":{"name":"(anonymous_1)","decl":{"start":{"line":4,"column":40},"end":{"line":4,"column":41}},"loc":{"start":{"line":4,"column":60},"end":{"line":20,"column":1}},"line":4},"2":{"name":"(anonymous_2)","decl":{"start":{"line":13,"column":34},"end":{"line":13,"column":35}},"loc":{"start":{"line":13,"column":41},"end":{"line":13,"column":50}},"line":13}},"branchMap":{"0":{"loc":{"start":{"line":9,"column":4},"end":{"line":16,"column":5}},"type":"if","locations":[{"start":{"line":9,"column":4},"end":{"line":16,"column":5}},{"start":{"line":9,"column":4},"end":{"line":16,"column":5}}],"line":9}},"s":{"0":2,"1":2,"2":2,"3":20,"4":7,"5":7,"6":7,"7":7,"8":2,"9":5,"10":5,"11":5,"12":5,"13":5,"14":2},"f":{"0":20,"1":7,"2":5},"b":{"0":[2,5]},"_coverageSchema":"43e27e138ebf9cfc5966b082cf9a028302ed4184","hash":"9a5a7c6a6909ac25bf95d7afd155ab0c7be97ffa"}
,"/Users/uranium/Workstation/Sleep and Earn/MoJaams/backend/src/models/index.js": {"path":"/Users/uranium/Workstation/Sleep and Earn/MoJaams/backend/src/models/index.js","statementMap":{"0":{"start":{"line":1,"column":11},"end":{"line":1,"column":24}},"1":{"start":{"line":2,"column":13},"end":{"line":2,"column":28}},"2":{"start":{"line":3,"column":18},"end":{"line":3,"column":38}},"3":{"start":{"line":5,"column":17},"end":{"line":5,"column":47}},"4":{"start":{"line":6,"column":12},"end":{"line":6,"column":49}},"5":{"start":{"line":7,"column":15},"end":{"line":7,"column":68}},"6":{"start":{"line":8,"column":11},"end":{"line":8,"column":13}},"7":{"start":{"line":11,"column":0},"end":{"line":20,"column":1}},"8":{"start":{"line":12,"column":2},"end":{"line":12,"column":66}},"9":{"start":{"line":14,"column":2},"end":{"line":19,"column":4}},"10":{"start":{"line":22,"column":0},"end":{"line":30,"column":5}},"11":{"start":{"line":25,"column":6},"end":{"line":25,"column":78}},"12":{"start":{"line":28,"column":18},"end":{"line":28,"column":62}},"13":{"start":{"line":29,"column":4},"end":{"line":29,"column":27}},"14":{"start":{"line":32,"column":0},"end":{"line":36,"column":3}},"15":{"start":{"line":33,"column":2},"end":{"line":35,"column":3}},"16":{"start":{"line":34,"column":4},"end":{"line":34,"column":32}},"17":{"start":{"line":38,"column":0},"end":{"line":38,"column":25}},"18":{"start":{"line":39,"column":0},"end":{"line":39,"column":25}},"19":{"start":{"line":41,"column":0},"end":{"line":41,"column":20}}},"fnMap":{"0":{"name":"(anonymous_0)","decl":{"start":{"line":24,"column":4},"end":{"line":24,"column":5}},"loc":{"start":{"line":25,"column":6},"end":{"line":25,"column":78}},"line":25},"1":{"name":"(anonymous_1)","decl":{"start":{"line":27,"column":11},"end":{"line":27,"column":12}},"loc":{"start":{"line":27,"column":21},"end":{"line":30,"column":3}},"line":27},"2":{"name":"(anonymous_2)","decl":{"start":{"line":32,"column":24},"end":{"line":32,"column":25}},"loc":{"start":{"line":32,"column":39},"end":{"line":36,"column":1}},"line":32}},"branchMap":{"0":{"loc":{"start":{"line":6,"column":12},"end":{"line":6,"column":49}},"type":"binary-expr","locations":[{"start":{"line":6,"column":12},"end":{"line":6,"column":32}},{"start":{"line":6,"column":36},"end":{"line":6,"column":49}}],"line":6},"1":{"loc":{"start":{"line":11,"column":0},"end":{"line":20,"column":1}},"type":"if","locations":[{"start":{"line":11,"column":0},"end":{"line":20,"column":1}},{"start":{"line":11,"column":0},"end":{"line":20,"column":1}}],"line":11},"2":{"loc":{"start":{"line":25,"column":6},"end":{"line":25,"column":78}},"type":"binary-expr","locations":[{"start":{"line":25,"column":6},"end":{"line":25,"column":29}},{"start":{"line":25,"column":33},"end":{"line":25,"column":50}},{"start":{"line":25,"column":54},"end":{"line":25,"column":78}}],"line":25},"3":{"loc":{"start":{"line":33,"column":2},"end":{"line":35,"column":3}},"type":"if","locations":[{"start":{"line":33,"column":2},"end":{"line":35,"column":3}},{"start":{"line":33,"column":2},"end":{"line":35,"column":3}}],"line":33}},"s":{"0":3,"1":3,"2":3,"3":3,"4":3,"5":3,"6":3,"7":3,"8":0,"9":3,"10":3,"11":18,"12":15,"13":15,"14":3,"15":15,"16":15,"17":3,"18":3,"19":3},"f":{"0":18,"1":15,"2":15},"b":{"0":[3,0],"1":[0,3],"2":[18,18,15],"3":[15,0]},"_coverageSchema":"43e27e138ebf9cfc5966b082cf9a028302ed4184","hash":"c968aac1cde8f4ce4b3c29990e0239c8698dc209"}
,"/Users/uranium/Workstation/Sleep and Earn/MoJaams/backend/src/models/item.js": {"path":"/Users/uranium/Workstation/Sleep and Earn/MoJaams/backend/src/models/item.js","statementMap":{"0":{"start":{"line":1,"column":0},"end":{"line":26,"column":2}},"1":{"start":{"line":2,"column":15},"end":{"line":17,"column":3}},"2":{"start":{"line":19,"column":2},"end":{"line":23,"column":4}},"3":{"start":{"line":20,"column":4},"end":{"line":22,"column":7}},"4":{"start":{"line":25,"column":2},"end":{"line":25,"column":14}}},"fnMap":{"0":{"name":"(anonymous_0)","decl":{"start":{"line":1,"column":17},"end":{"line":1,"column":18}},"loc":{"start":{"line":1,"column":43},"end":{"line":26,"column":1}},"line":1},"1":{"name":"(anonymous_1)","decl":{"start":{"line":19,"column":19},"end":{"line":19,"column":20}},"loc":{"start":{"line":19,"column":31},"end":{"line":23,"column":3}},"line":19}},"branchMap":{},"s":{"0":3,"1":3,"2":3,"3":3,"4":3},"f":{"0":3,"1":3},"b":{},"_coverageSchema":"43e27e138ebf9cfc5966b082cf9a028302ed4184","hash":"eb5575036f93f91e134a60af296231559d4c6cf6"}
,"/Users/uranium/Workstation/Sleep and Earn/MoJaams/backend/src/models/itemvariant.js": {"path":"/Users/uranium/Workstation/Sleep and Earn/MoJaams/backend/src/models/itemvariant.js","statementMap":{"0":{"start":{"line":1,"column":0},"end":{"line":37,"column":2}},"1":{"start":{"line":2,"column":22},"end":{"line":20,"column":3}},"2":{"start":{"line":22,"column":2},"end":{"line":34,"column":4}},"3":{"start":{"line":23,"column":4},"end":{"line":26,"column":7}},"4":{"start":{"line":27,"column":4},"end":{"line":30,"column":7}},"5":{"start":{"line":31,"column":4},"end":{"line":33,"column":7}},"6":{"start":{"line":36,"column":2},"end":{"line":36,"column":21}}},"fnMap":{"0":{"name":"(anonymous_0)","decl":{"start":{"line":1,"column":17},"end":{"line":1,"column":18}},"loc":{"start":{"line":1,"column":43},"end":{"line":37,"column":1}},"line":1},"1":{"name":"(anonymous_1)","decl":{"start":{"line":22,"column":26},"end":{"line":22,"column":27}},"loc":{"start":{"line":22,"column":38},"end":{"line":34,"column":3}},"line":22}},"branchMap":{},"s":{"0":3,"1":3,"2":3,"3":3,"4":3,"5":3,"6":3},"f":{"0":3,"1":3},"b":{},"_coverageSchema":"43e27e138ebf9cfc5966b082cf9a028302ed4184","hash":"8a78a6546ab3e84811ba0efc0b1b4ff7e7d25869"}
,"/Users/uranium/Workstation/Sleep and Earn/MoJaams/backend/src/models/order.js": {"path":"/Users/uranium/Workstation/Sleep and Earn/MoJaams/backend/src/models/order.js","statementMap":{"0":{"start":{"line":1,"column":0},"end":{"line":29,"column":2}},"1":{"start":{"line":2,"column":16},"end":{"line":20,"column":3}},"2":{"start":{"line":22,"column":2},"end":{"line":26,"column":4}},"3":{"start":{"line":23,"column":4},"end":{"line":25,"column":7}},"4":{"start":{"line":28,"column":2},"end":{"line":28,"column":15}}},"fnMap":{"0":{"name":"(anonymous_0)","decl":{"start":{"line":1,"column":17},"end":{"line":1,"column":18}},"loc":{"start":{"line":1,"column":43},"end":{"line":29,"column":1}},"line":1},"1":{"name":"(anonymous_1)","decl":{"start":{"line":22,"column":20},"end":{"line":22,"column":21}},"loc":{"start":{"line":22,"column":32},"end":{"line":26,"column":3}},"line":22}},"branchMap":{},"s":{"0":3,"1":3,"2":3,"3":3,"4":3},"f":{"0":3,"1":3},"b":{},"_coverageSchema":"43e27e138ebf9cfc5966b082cf9a028302ed4184","hash":"3b5373c1d7aacd58fa0f0cb4cb0bfd91dfcc991e"}
,"/Users/uranium/Workstation/Sleep and Earn/MoJaams/backend/src/models/orderitem.js": {"path":"/Users/uranium/Workstation/Sleep and Earn/MoJaams/backend/src/models/orderitem.js","statementMap":{"0":{"start":{"line":1,"column":0},"end":{"line":37,"column":2}},"1":{"start":{"line":2,"column":20},"end":{"line":25,"column":3}},"2":{"start":{"line":26,"column":2},"end":{"line":35,"column":4}},"3":{"start":{"line":27,"column":4},"end":{"line":30,"column":7}},"4":{"start":{"line":31,"column":4},"end":{"line":34,"column":7}},"5":{"start":{"line":36,"column":2},"end":{"line":36,"column":19}}},"fnMap":{"0":{"name":"(anonymous_0)","decl":{"start":{"line":1,"column":17},"end":{"line":1,"column":18}},"loc":{"start":{"line":1,"column":43},"end":{"line":37,"column":1}},"line":1},"1":{"name":"(anonymous_1)","decl":{"start":{"line":26,"column":24},"end":{"line":26,"column":25}},"loc":{"start":{"line":26,"column":36},"end":{"line":35,"column":3}},"line":26}},"branchMap":{},"s":{"0":3,"1":3,"2":3,"3":3,"4":3,"5":3},"f":{"0":3,"1":3},"b":{},"_coverageSchema":"43e27e138ebf9cfc5966b082cf9a028302ed4184","hash":"852abebb5c02aa3ef330aef606de544815c29b9e"}
,"/Users/uranium/Workstation/Sleep and Earn/MoJaams/backend/src/models/variant.js": {"path":"/Users/uranium/Workstation/Sleep and Earn/MoJaams/backend/src/models/variant.js","statementMap":{"0":{"start":{"line":1,"column":0},"end":{"line":21,"column":2}},"1":{"start":{"line":2,"column":18},"end":{"line":12,"column":3}},"2":{"start":{"line":14,"column":2},"end":{"line":18,"column":4}},"3":{"start":{"line":15,"column":4},"end":{"line":17,"column":7}},"4":{"start":{"line":20,"column":2},"end":{"line":20,"column":17}}},"fnMap":{"0":{"name":"(anonymous_0)","decl":{"start":{"line":1,"column":17},"end":{"line":1,"column":18}},"loc":{"start":{"line":1,"column":43},"end":{"line":21,"column":1}},"line":1},"1":{"name":"(anonymous_1)","decl":{"start":{"line":14,"column":22},"end":{"line":14,"column":23}},"loc":{"start":{"line":14,"column":34},"end":{"line":18,"column":3}},"line":14}},"branchMap":{},"s":{"0":3,"1":3,"2":3,"3":3,"4":3},"f":{"0":3,"1":3},"b":{},"_coverageSchema":"43e27e138ebf9cfc5966b082cf9a028302ed4184","hash":"79b6536b5a0c86e5a31de078dd2b507780693b25"}
,"/Users/uranium/Workstation/Sleep and Earn/MoJaams/backend/src/services/error.js": {"path":"/Users/uranium/Workstation/Sleep and Earn/MoJaams/backend/src/services/error.js","statementMap":{"0":{"start":{"line":3,"column":4},"end":{"line":3,"column":12}},"1":{"start":{"line":4,"column":4},"end":{"line":4,"column":33}},"2":{"start":{"line":5,"column":4},"end":{"line":5,"column":27}},"3":{"start":{"line":9,"column":20},"end":{"line":16,"column":1}},"4":{"start":{"line":10,"column":40},"end":{"line":10,"column":45}},"5":{"start":{"line":11,"column":2},"end":{"line":15,"column":5}},"6":{"start":{"line":18,"column":0},"end":{"line":21,"column":2}}},"fnMap":{"0":{"name":"(anonymous_0)","decl":{"start":{"line":2,"column":2},"end":{"line":2,"column":3}},"loc":{"start":{"line":2,"column":35},"end":{"line":6,"column":3}},"line":2},"1":{"name":"(anonymous_1)","decl":{"start":{"line":9,"column":20},"end":{"line":9,"column":21}},"loc":{"start":{"line":9,"column":36},"end":{"line":16,"column":1}},"line":9}},"branchMap":{"0":{"loc":{"start":{"line":10,"column":10},"end":{"line":10,"column":26}},"type":"default-arg","locations":[{"start":{"line":10,"column":23},"end":{"line":10,"column":26}}],"line":10}},"s":{"0":7,"1":7,"2":7,"3":2,"4":5,"5":5,"6":2},"f":{"0":7,"1":5},"b":{"0":[0]},"_coverageSchema":"43e27e138ebf9cfc5966b082cf9a028302ed4184","hash":"a0c7cacebee98340dcf65955a4abed6a8b4e3d4e"}
,"/Users/uranium/Workstation/Sleep and Earn/MoJaams/backend/src/services/itemVariants.js": {"path":"/Users/uranium/Workstation/Sleep and Earn/MoJaams/backend/src/services/itemVariants.js","statementMap":{"0":{"start":{"line":1,"column":50},"end":{"line":1,"column":70}},"1":{"start":{"line":2,"column":34},"end":{"line":2,"column":65}},"2":{"start":{"line":4,"column":15},"end":{"line":4,"column":24}},"3":{"start":{"line":6,"column":24},"end":{"line":26,"column":1}},"4":{"start":{"line":7,"column":29},"end":{"line":23,"column":4}},"5":{"start":{"line":25,"column":2},"end":{"line":25,"column":28}},"6":{"start":{"line":28,"column":0},"end":{"line":30,"column":2}}},"fnMap":{"0":{"name":"(anonymous_0)","decl":{"start":{"line":6,"column":24},"end":{"line":6,"column":25}},"loc":{"start":{"line":6,"column":63},"end":{"line":26,"column":1}},"line":6}},"branchMap":{"0":{"loc":{"start":{"line":6,"column":39},"end":{"line":6,"column":58}},"type":"default-arg","locations":[{"start":{"line":6,"column":56},"end":{"line":6,"column":58}}],"line":6},"1":{"loc":{"start":{"line":10,"column":10},"end":{"line":14,"column":7}},"type":"binary-expr","locations":[{"start":{"line":10,"column":10},"end":{"line":10,"column":31}},{"start":{"line":10,"column":35},"end":{"line":14,"column":7}}],"line":10}},"s":{"0":2,"1":2,"2":2,"3":2,"4":7,"5":7,"6":2},"f":{"0":7},"b":{"0":[4],"1":[7,3]},"_coverageSchema":"43e27e138ebf9cfc5966b082cf9a028302ed4184","hash":"50dc13ec80c5789f936b7f98205564ef9492c623"}
,"/Users/uranium/Workstation/Sleep and Earn/MoJaams/backend/src/services/items.js": {"path":"/Users/uranium/Workstation/Sleep and Earn/MoJaams/backend/src/services/items.js","statementMap":{"0":{"start":{"line":1,"column":17},"end":{"line":1,"column":37}},"1":{"start":{"line":2,"column":34},"end":{"line":2,"column":62}},"2":{"start":{"line":4,"column":19},"end":{"line":7,"column":4}},"3":{"start":{"line":5,"column":2},"end":{"line":7,"column":4}},"4":{"start":{"line":9,"column":16},"end":{"line":10,"column":64}},"5":{"start":{"line":10,"column":2},"end":{"line":10,"column":64}},"6":{"start":{"line":12,"column":17},"end":{"line":17,"column":4}},"7":{"start":{"line":13,"column":2},"end":{"line":17,"column":4}},"8":{"start":{"line":19,"column":0},"end":{"line":23,"column":2}}},"fnMap":{"0":{"name":"(anonymous_0)","decl":{"start":{"line":4,"column":19},"end":{"line":4,"column":20}},"loc":{"start":{"line":5,"column":2},"end":{"line":7,"column":4}},"line":5},"1":{"name":"(anonymous_1)","decl":{"start":{"line":9,"column":16},"end":{"line":9,"column":17}},"loc":{"start":{"line":10,"column":2},"end":{"line":10,"column":64}},"line":10},"2":{"name":"(anonymous_2)","decl":{"start":{"line":12,"column":17},"end":{"line":12,"column":18}},"loc":{"start":{"line":13,"column":2},"end":{"line":17,"column":4}},"line":13}},"branchMap":{},"s":{"0":3,"1":3,"2":3,"3":0,"4":3,"5":0,"6":3,"7":3,"8":3},"f":{"0":0,"1":0,"2":3},"b":{},"_coverageSchema":"43e27e138ebf9cfc5966b082cf9a028302ed4184","hash":"b485178283cdb4e904c50b6ae6fdf21575decea1"}
,"/Users/uranium/Workstation/Sleep and Earn/MoJaams/backend/src/services/orderItems.js": {"path":"/Users/uranium/Workstation/Sleep and Earn/MoJaams/backend/src/services/orderItems.js","statementMap":{"0":{"start":{"line":1,"column":22},"end":{"line":1,"column":42}},"1":{"start":{"line":3,"column":22},"end":{"line":18,"column":1}},"2":{"start":{"line":4,"column":2},"end":{"line":17,"column":3}},"3":{"start":{"line":5,"column":4},"end":{"line":14,"column":6}},"4":{"start":{"line":6,"column":27},"end":{"line":10,"column":7}},"5":{"start":{"line":16,"column":4},"end":{"line":16,"column":16}},"6":{"start":{"line":20,"column":25},"end":{"line":36,"column":1}},"7":{"start":{"line":21,"column":2},"end":{"line":35,"column":3}},"8":{"start":{"line":22,"column":25},"end":{"line":30,"column":6}},"9":{"start":{"line":23,"column":31},"end":{"line":27,"column":7}},"10":{"start":{"line":29,"column":6},"end":{"line":29,"column":30}},"11":{"start":{"line":32,"column":4},"end":{"line":32,"column":24}},"12":{"start":{"line":34,"column":4},"end":{"line":34,"column":16}},"13":{"start":{"line":38,"column":30},"end":{"line":50,"column":1}},"14":{"start":{"line":39,"column":2},"end":{"line":49,"column":3}},"15":{"start":{"line":40,"column":25},"end":{"line":44,"column":5}},"16":{"start":{"line":46,"column":4},"end":{"line":46,"column":24}},"17":{"start":{"line":48,"column":4},"end":{"line":48,"column":16}},"18":{"start":{"line":52,"column":0},"end":{"line":56,"column":2}}},"fnMap":{"0":{"name":"(anonymous_0)","decl":{"start":{"line":3,"column":22},"end":{"line":3,"column":23}},"loc":{"start":{"line":3,"column":55},"end":{"line":18,"column":1}},"line":3},"1":{"name":"(anonymous_1)","decl":{"start":{"line":6,"column":16},"end":{"line":6,"column":17}},"loc":{"start":{"line":6,"column":27},"end":{"line":10,"column":7}},"line":6},"2":{"name":"(anonymous_2)","decl":{"start":{"line":20,"column":25},"end":{"line":20,"column":26}},"loc":{"start":{"line":20,"column":64},"end":{"line":36,"column":1}},"line":20},"3":{"name":"(anonymous_3)","decl":{"start":{"line":22,"column":41},"end":{"line":22,"column":42}},"loc":{"start":{"line":22,"column":72},"end":{"line":30,"column":5}},"line":22},"4":{"name":"(anonymous_4)","decl":{"start":{"line":38,"column":30},"end":{"line":38,"column":31}},"loc":{"start":{"line":38,"column":70},"end":{"line":50,"column":1}},"line":38}},"branchMap":{"0":{"loc":{"start":{"line":24,"column":27},"end":{"line":24,"column":76}},"type":"binary-expr","locations":[{"start":{"line":24,"column":27},"end":{"line":24,"column":50}},{"start":{"line":24,"column":54},"end":{"line":24,"column":76}}],"line":24}},"s":{"0":2,"1":2,"2":2,"3":2,"4":4,"5":0,"6":2,"7":0,"8":0,"9":0,"10":0,"11":0,"12":0,"13":2,"14":0,"15":0,"16":0,"17":0,"18":2},"f":{"0":2,"1":4,"2":0,"3":0,"4":0},"b":{"0":[0,0]},"_coverageSchema":"43e27e138ebf9cfc5966b082cf9a028302ed4184","hash":"79b0431b4d9e28d50c01ec2b75d2ea9e611334d0"}
,"/Users/uranium/Workstation/Sleep and Earn/MoJaams/backend/src/services/orders.js": {"path":"/Users/uranium/Workstation/Sleep and Earn/MoJaams/backend/src/services/orders.js","statementMap":{"0":{"start":{"line":1,"column":18},"end":{"line":1,"column":38}},"1":{"start":{"line":9,"column":4},"end":{"line":9,"column":24}},"2":{"start":{"line":14,"column":4},"end":{"line":14,"column":37}},"3":{"start":{"line":15,"column":28},"end":{"line":15,"column":64}},"4":{"start":{"line":16,"column":25},"end":{"line":16,"column":53}},"5":{"start":{"line":17,"column":34},"end":{"line":17,"column":52}},"6":{"start":{"line":19,"column":15},"end":{"line":19,"column":24}},"7":{"start":{"line":21,"column":32},"end":{"line":29,"column":1}},"8":{"start":{"line":22,"column":2},"end":{"line":22,"column":34}},"9":{"start":{"line":22,"column":21},"end":{"line":22,"column":34}},"10":{"start":{"line":24,"column":25},"end":{"line":24,"column":72}},"11":{"start":{"line":24,"column":58},"end":{"line":24,"column":71}},"12":{"start":{"line":25,"column":23},"end":{"line":25,"column":66}},"13":{"start":{"line":26,"column":22},"end":{"line":26,"column":77}},"14":{"start":{"line":26,"column":57},"end":{"line":26,"column":76}},"15":{"start":{"line":28,"column":2},"end":{"line":28,"column":21}},"16":{"start":{"line":31,"column":20},"end":{"line":59,"column":1}},"17":{"start":{"line":32,"column":19},"end":{"line":32,"column":55}},"18":{"start":{"line":33,"column":2},"end":{"line":33,"column":80}},"19":{"start":{"line":33,"column":17},"end":{"line":33,"column":80}},"20":{"start":{"line":34,"column":17},"end":{"line":56,"column":4}},"21":{"start":{"line":35,"column":4},"end":{"line":55,"column":5}},"22":{"start":{"line":36,"column":25},"end":{"line":44,"column":7}},"23":{"start":{"line":45,"column":6},"end":{"line":45,"column":55}},"24":{"start":{"line":46,"column":27},"end":{"line":50,"column":58}},"25":{"start":{"line":50,"column":27},"end":{"line":50,"column":57}},"26":{"start":{"line":52,"column":6},"end":{"line":52,"column":47}},"27":{"start":{"line":54,"column":6},"end":{"line":54,"column":18}},"28":{"start":{"line":58,"column":2},"end":{"line":58,"column":16}},"29":{"start":{"line":61,"column":23},"end":{"line":73,"column":1}},"30":{"start":{"line":62,"column":2},"end":{"line":62,"column":29}},"31":{"start":{"line":62,"column":16},"end":{"line":62,"column":29}},"32":{"start":{"line":64,"column":21},"end":{"line":70,"column":4}},"33":{"start":{"line":72,"column":2},"end":{"line":72,"column":32}},"34":{"start":{"line":75,"column":20},"end":{"line":114,"column":1}},"35":{"start":{"line":76,"column":20},"end":{"line":76,"column":49}},"36":{"start":{"line":77,"column":2},"end":{"line":82,"column":3}},"37":{"start":{"line":78,"column":4},"end":{"line":81,"column":6}},"38":{"start":{"line":84,"column":2},"end":{"line":113,"column":5}},"39":{"start":{"line":85,"column":4},"end":{"line":112,"column":5}},"40":{"start":{"line":86,"column":6},"end":{"line":98,"column":7}},"41":{"start":{"line":87,"column":8},"end":{"line":97,"column":10}},"42":{"start":{"line":100,"column":6},"end":{"line":102,"column":7}},"43":{"start":{"line":101,"column":8},"end":{"line":101,"column":76}},"44":{"start":{"line":104,"column":23},"end":{"line":104,"column":55}},"45":{"start":{"line":104,"column":46},"end":{"line":104,"column":54}},"46":{"start":{"line":105,"column":23},"end":{"line":105,"column":54}},"47":{"start":{"line":105,"column":46},"end":{"line":105,"column":53}},"48":{"start":{"line":106,"column":6},"end":{"line":108,"column":7}},"49":{"start":{"line":107,"column":8},"end":{"line":107,"column":63}},"50":{"start":{"line":109,"column":6},"end":{"line":109,"column":79}},"51":{"start":{"line":109,"column":27},"end":{"line":109,"column":79}},"52":{"start":{"line":111,"column":6},"end":{"line":111,"column":18}},"53":{"start":{"line":116,"column":23},"end":{"line":143,"column":1}},"54":{"start":{"line":117,"column":22},"end":{"line":140,"column":4}},"55":{"start":{"line":142,"column":2},"end":{"line":142,"column":42}},"56":{"start":{"line":145,"column":18},"end":{"line":160,"column":1}},"57":{"start":{"line":146,"column":18},"end":{"line":149,"column":4}},"58":{"start":{"line":151,"column":17},"end":{"line":157,"column":4}},"59":{"start":{"line":159,"column":2},"end":{"line":159,"column":16}},"60":{"start":{"line":162,"column":0},"end":{"line":167,"column":2}}},"fnMap":{"0":{"name":"(anonymous_0)","decl":{"start":{"line":21,"column":32},"end":{"line":21,"column":33}},"loc":{"start":{"line":21,"column":49},"end":{"line":29,"column":1}},"line":21},"1":{"name":"(anonymous_1)","decl":{"start":{"line":24,"column":35},"end":{"line":24,"column":36}},"loc":{"start":{"line":24,"column":58},"end":{"line":24,"column":71}},"line":24},"2":{"name":"(anonymous_2)","decl":{"start":{"line":26,"column":41},"end":{"line":26,"column":42}},"loc":{"start":{"line":26,"column":57},"end":{"line":26,"column":76}},"line":26},"3":{"name":"(anonymous_3)","decl":{"start":{"line":31,"column":20},"end":{"line":31,"column":21}},"loc":{"start":{"line":31,"column":73},"end":{"line":59,"column":1}},"line":31},"4":{"name":"(anonymous_4)","decl":{"start":{"line":34,"column":45},"end":{"line":34,"column":46}},"loc":{"start":{"line":34,"column":68},"end":{"line":56,"column":3}},"line":34},"5":{"name":"(anonymous_5)","decl":{"start":{"line":50,"column":12},"end":{"line":50,"column":13}},"loc":{"start":{"line":50,"column":27},"end":{"line":50,"column":57}},"line":50},"6":{"name":"(anonymous_6)","decl":{"start":{"line":61,"column":23},"end":{"line":61,"column":24}},"loc":{"start":{"line":61,"column":42},"end":{"line":73,"column":1}},"line":61},"7":{"name":"(anonymous_7)","decl":{"start":{"line":75,"column":20},"end":{"line":75,"column":21}},"loc":{"start":{"line":75,"column":62},"end":{"line":114,"column":1}},"line":75},"8":{"name":"(anonymous_8)","decl":{"start":{"line":84,"column":31},"end":{"line":84,"column":32}},"loc":{"start":{"line":84,"column":54},"end":{"line":113,"column":3}},"line":84},"9":{"name":"(anonymous_9)","decl":{"start":{"line":104,"column":36},"end":{"line":104,"column":37}},"loc":{"start":{"line":104,"column":46},"end":{"line":104,"column":54}},"line":104},"10":{"name":"(anonymous_10)","decl":{"start":{"line":105,"column":36},"end":{"line":105,"column":37}},"loc":{"start":{"line":105,"column":46},"end":{"line":105,"column":53}},"line":105},"11":{"name":"(anonymous_11)","decl":{"start":{"line":116,"column":23},"end":{"line":116,"column":24}},"loc":{"start":{"line":116,"column":42},"end":{"line":143,"column":1}},"line":116},"12":{"name":"(anonymous_12)","decl":{"start":{"line":145,"column":18},"end":{"line":145,"column":19}},"loc":{"start":{"line":145,"column":74},"end":{"line":160,"column":1}},"line":145}},"branchMap":{"0":{"loc":{"start":{"line":22,"column":2},"end":{"line":22,"column":34}},"type":"if","locations":[{"start":{"line":22,"column":2},"end":{"line":22,"column":34}},{"start":{"line":22,"column":2},"end":{"line":22,"column":34}}],"line":22},"1":{"loc":{"start":{"line":31,"column":58},"end":{"line":31,"column":68}},"type":"default-arg","locations":[{"start":{"line":31,"column":66},"end":{"line":31,"column":68}}],"line":31},"2":{"loc":{"start":{"line":33,"column":2},"end":{"line":33,"column":80}},"type":"if","locations":[{"start":{"line":33,"column":2},"end":{"line":33,"column":80}},{"start":{"line":33,"column":2},"end":{"line":33,"column":80}}],"line":33},"3":{"loc":{"start":{"line":62,"column":2},"end":{"line":62,"column":29}},"type":"if","locations":[{"start":{"line":62,"column":2},"end":{"line":62,"column":29}},{"start":{"line":62,"column":2},"end":{"line":62,"column":29}}],"line":62},"4":{"loc":{"start":{"line":75,"column":36},"end":{"line":75,"column":46}},"type":"default-arg","locations":[{"start":{"line":75,"column":44},"end":{"line":75,"column":46}}],"line":75},"5":{"loc":{"start":{"line":77,"column":2},"end":{"line":82,"column":3}},"type":"if","locations":[{"start":{"line":77,"column":2},"end":{"line":82,"column":3}},{"start":{"line":77,"column":2},"end":{"line":82,"column":3}}],"line":77},"6":{"loc":{"start":{"line":86,"column":6},"end":{"line":98,"column":7}},"type":"if","locations":[{"start":{"line":86,"column":6},"end":{"line":98,"column":7}},{"start":{"line":86,"column":6},"end":{"line":98,"column":7}}],"line":86},"7":{"loc":{"start":{"line":100,"column":6},"end":{"line":102,"column":7}},"type":"if","locations":[{"start":{"line":100,"column":6},"end":{"line":102,"column":7}},{"start":{"line":100,"column":6},"end":{"line":102,"column":7}}],"line":100},"8":{"loc":{"start":{"line":106,"column":6},"end":{"line":108,"column":7}},"type":"if","locations":[{"start":{"line":106,"column":6},"end":{"line":108,"column":7}},{"start":{"line":106,"column":6},"end":{"line":108,"column":7}}],"line":106},"9":{"loc":{"start":{"line":109,"column":6},"end":{"line":109,"column":79}},"type":"if","locations":[{"start":{"line":109,"column":6},"end":{"line":109,"column":79}},{"start":{"line":109,"column":6},"end":{"line":109,"column":79}}],"line":109},"10":{"loc":{"start":{"line":145,"column":47},"end":{"line":145,"column":57}},"type":"default-arg","locations":[{"start":{"line":145,"column":55},"end":{"line":145,"column":57}}],"line":145},"11":{"loc":{"start":{"line":145,"column":59},"end":{"line":145,"column":69}},"type":"default-arg","locations":[{"start":{"line":145,"column":68},"end":{"line":145,"column":69}}],"line":145},"12":{"loc":{"start":{"line":148,"column":8},"end":{"line":148,"column":76}},"type":"binary-expr","locations":[{"start":{"line":148,"column":8},"end":{"line":148,"column":20}},{"start":{"line":148,"column":24},"end":{"line":148,"column":76}}],"line":148}},"s":{"0":2,"1":2,"2":2,"3":2,"4":2,"5":2,"6":2,"7":2,"8":3,"9":0,"10":3,"11":5,"12":3,"13":3,"14":5,"15":3,"16":2,"17":3,"18":3,"19":1,"20":2,"21":2,"22":2,"23":2,"24":2,"25":4,"26":2,"27":0,"28":2,"29":2,"30":0,"31":0,"32":0,"33":0,"34":2,"35":0,"36":0,"37":0,"38":0,"39":0,"40":0,"41":0,"42":0,"43":0,"44":0,"45":0,"46":0,"47":0,"48":0,"49":0,"50":0,"51":0,"52":0,"53":2,"54":0,"55":0,"56":2,"57":0,"58":0,"59":0,"60":2},"f":{"0":3,"1":5,"2":5,"3":3,"4":2,"5":4,"6":0,"7":0,"8":0,"9":0,"10":0,"11":0,"12":0},"b":{"0":[0,3],"1":[0],"2":[1,2],"3":[0,0],"4":[0],"5":[0,0],"6":[0,0],"7":[0,0],"8":[0,0],"9":[0,0],"10":[0],"11":[0],"12":[0,0]},"_coverageSchema":"43e27e138ebf9cfc5966b082cf9a028302ed4184","hash":"69110b7332dad8b8e481e1f75027e4cca96ddc5b"}
,"/Users/uranium/Workstation/Sleep and Earn/MoJaams/backend/src/services/utils.js": {"path":"/Users/uranium/Workstation/Sleep and Earn/MoJaams/backend/src/services/utils.js","statementMap":{"0":{"start":{"line":1,"column":30},"end":{"line":24,"column":1}},"1":{"start":{"line":2,"column":17},"end":{"line":16,"column":8}},"2":{"start":{"line":3,"column":4},"end":{"line":14,"column":5}},"3":{"start":{"line":4,"column":6},"end":{"line":12,"column":7}},"4":{"start":{"line":5,"column":8},"end":{"line":10,"column":9}},"5":{"start":{"line":6,"column":47},"end":{"line":6,"column":76}},"6":{"start":{"line":8,"column":10},"end":{"line":8,"column":30}},"7":{"start":{"line":9,"column":10},"end":{"line":9,"column":21}},"8":{"start":{"line":11,"column":8},"end":{"line":11,"column":19}},"9":{"start":{"line":13,"column":6},"end":{"line":13,"column":26}},"10":{"start":{"line":15,"column":4},"end":{"line":15,"column":15}},"11":{"start":{"line":19,"column":2},"end":{"line":21,"column":3}},"12":{"start":{"line":20,"column":4},"end":{"line":20,"column":14}},"13":{"start":{"line":23,"column":2},"end":{"line":23,"column":16}},"14":{"start":{"line":26,"column":0},"end":{"line":28,"column":2}}},"fnMap":{"0":{"name":"(anonymous_0)","decl":{"start":{"line":1,"column":30},"end":{"line":1,"column":31}},"loc":{"start":{"line":1,"column":39},"end":{"line":24,"column":1}},"line":1},"1":{"name":"(anonymous_1)","decl":{"start":{"line":2,"column":41},"end":{"line":2,"column":42}},"loc":{"start":{"line":2,"column":55},"end":{"line":16,"column":3}},"line":2},"2":{"name":"(anonymous_2)","decl":{"start":{"line":6,"column":40},"end":{"line":6,"column":41}},"loc":{"start":{"line":6,"column":47},"end":{"line":6,"column":76}},"line":6}},"branchMap":{"0":{"loc":{"start":{"line":3,"column":4},"end":{"line":14,"column":5}},"type":"if","locations":[{"start":{"line":3,"column":4},"end":{"line":14,"column":5}},{"start":{"line":3,"column":4},"end":{"line":14,"column":5}}],"line":3},"1":{"loc":{"start":{"line":3,"column":8},"end":{"line":3,"column":51}},"type":"binary-expr","locations":[{"start":{"line":3,"column":8},"end":{"line":3,"column":25}},{"start":{"line":3,"column":29},"end":{"line":3,"column":51}}],"line":3},"2":{"loc":{"start":{"line":4,"column":6},"end":{"line":12,"column":7}},"type":"if","locations":[{"start":{"line":4,"column":6},"end":{"line":12,"column":7}},{"start":{"line":4,"column":6},"end":{"line":12,"column":7}}],"line":4},"3":{"loc":{"start":{"line":5,"column":8},"end":{"line":10,"column":9}},"type":"if","locations":[{"start":{"line":5,"column":8},"end":{"line":10,"column":9}},{"start":{"line":5,"column":8},"end":{"line":10,"column":9}}],"line":5},"4":{"loc":{"start":{"line":6,"column":47},"end":{"line":6,"column":76}},"type":"binary-expr","locations":[{"start":{"line":6,"column":47},"end":{"line":6,"column":57}},{"start":{"line":6,"column":61},"end":{"line":6,"column":76}}],"line":6},"5":{"loc":{"start":{"line":19,"column":2},"end":{"line":21,"column":3}},"type":"if","locations":[{"start":{"line":19,"column":2},"end":{"line":21,"column":3}},{"start":{"line":19,"column":2},"end":{"line":21,"column":3}}],"line":19}},"s":{"0":3,"1":10,"2":13,"3":8,"4":3,"5":0,"6":3,"7":3,"8":0,"9":5,"10":10,"11":10,"12":2,"13":8,"14":3},"f":{"0":10,"1":13,"2":0},"b":{"0":[8,5],"1":[13,10],"2":[3,5],"3":[3,0],"4":[0,0],"5":[2,8]},"_coverageSchema":"43e27e138ebf9cfc5966b082cf9a028302ed4184","hash":"5b7447fce73aea4d459363d54ba47ae78f48d96d"}
,"/Users/uranium/Workstation/Sleep and Earn/MoJaams/backend/src/services/variants.js": {"path":"/Users/uranium/Workstation/Sleep and Earn/MoJaams/backend/src/services/variants.js","statementMap":{"0":{"start":{"line":1,"column":20},"end":{"line":1,"column":40}},"1":{"start":{"line":3,"column":22},"end":{"line":6,"column":4}},"2":{"start":{"line":4,"column":2},"end":{"line":6,"column":4}},"3":{"start":{"line":8,"column":19},"end":{"line":9,"column":70}},"4":{"start":{"line":9,"column":2},"end":{"line":9,"column":70}},"5":{"start":{"line":11,"column":0},"end":{"line":14,"column":2}}},"fnMap":{"0":{"name":"(anonymous_0)","decl":{"start":{"line":3,"column":22},"end":{"line":3,"column":23}},"loc":{"start":{"line":4,"column":2},"end":{"line":6,"column":4}},"line":4},"1":{"name":"(anonymous_1)","decl":{"start":{"line":8,"column":19},"end":{"line":8,"column":20}},"loc":{"start":{"line":9,"column":2},"end":{"line":9,"column":70}},"line":9}},"branchMap":{},"s":{"0":2,"1":2,"2":0,"3":2,"4":0,"5":2},"f":{"0":0,"1":0},"b":{},"_coverageSchema":"43e27e138ebf9cfc5966b082cf9a028302ed4184","hash":"756c8bc53d1851bf9a1b9ee00f837456576eeca0"}
}
