TN:
SF:/Users/uranium/Workstation/Sleep and Earn/MoJaams/backend/app.js
FN:14,(anonymous_0)
FN:32,(anonymous_1)
FNF:2
FNH:1
FNDA:7,(anonymous_0)
FNDA:0,(anonymous_1)
DA:1,2
DA:2,2
DA:3,2
DA:4,2
DA:5,2
DA:7,2
DA:9,2
DA:11,2
DA:12,2
DA:14,2
DA:15,7
DA:16,7
DA:21,7
DA:22,0
DA:23,0
DA:26,7
DA:27,7
DA:30,2
DA:32,2
DA:33,0
DA:36,2
LF:21
LH:18
BRDA:21,0,0,0
BRDA:21,0,1,7
BRF:2
BRH:1
end_of_record
TN:
SF:/Users/uranium/Workstation/Sleep and Earn/MoJaams/backend/src/controllers/index.js
FN:9,(anonymous_0)
FNF:1
FNH:0
FNDA:0,(anonymous_0)
DA:1,2
DA:2,2
DA:3,2
DA:4,2
DA:5,2
DA:7,2
DA:9,2
DA:10,0
DA:15,2
DA:16,2
DA:17,2
DA:18,2
DA:20,2
LF:13
LH:12
BRF:0
BRH:0
end_of_record
TN:
SF:/Users/uranium/Workstation/Sleep and Earn/MoJaams/backend/src/controllers/itemVariants.js
FN:16,(anonymous_0)
FN:22,(anonymous_1)
FNF:2
FNH:2
FNDA:1,(anonymous_0)
FNDA:5,(anonymous_1)
DA:1,2
DA:2,2
DA:3,2
DA:4,2
DA:5,2
DA:7,2
DA:9,2
DA:17,1
DA:18,1
DA:19,1
DA:21,1
DA:22,5
DA:30,1
DA:32,0
DA:37,2
LF:15
LH:14
BRF:0
BRH:0
end_of_record
TN:
SF:/Users/uranium/Workstation/Sleep and Earn/MoJaams/backend/src/controllers/items.js
FN:19,(anonymous_0)
FN:39,(anonymous_1)
FNF:2
FNH:0
FNDA:0,(anonymous_0)
FNDA:0,(anonymous_1)
DA:1,2
DA:2,2
DA:4,2
DA:5,2
DA:6,2
DA:8,2
DA:10,2
DA:20,0
DA:21,0
DA:22,0
DA:23,0
DA:25,0
DA:40,0
DA:42,0
DA:43,0
DA:44,0
DA:46,0
DA:51,2
LF:18
LH:8
BRF:0
BRH:0
end_of_record
TN:
SF:/Users/uranium/Workstation/Sleep and Earn/MoJaams/backend/src/controllers/orders.js
FN:40,(anonymous_0)
FN:65,(anonymous_1)
FN:86,(anonymous_2)
FN:92,(anonymous_3)
FN:128,(anonymous_4)
FNF:5
FNH:1
FNDA:1,(anonymous_0)
FNDA:0,(anonymous_1)
FNDA:0,(anonymous_2)
FNDA:0,(anonymous_3)
FNDA:0,(anonymous_4)
DA:1,2
DA:2,2
DA:9,2
DA:10,2
DA:11,2
DA:13,2
DA:15,2
DA:41,1
DA:43,1
DA:44,1
DA:49,1
DA:51,0
DA:66,0
DA:68,0
DA:69,0
DA:70,0
DA:72,0
DA:77,2
DA:87,0
DA:89,0
DA:90,0
DA:91,0
DA:92,0
DA:100,0
DA:102,0
DA:129,0
DA:130,0
DA:131,0
DA:132,0
DA:133,0
DA:135,0
DA:140,2
LF:32
LH:13
BRF:0
BRH:0
end_of_record
TN:
SF:/Users/uranium/Workstation/Sleep and Earn/MoJaams/backend/src/controllers/variants.js
FN:20,(anonymous_0)
FN:39,(anonymous_1)
FNF:2
FNH:0
FNDA:0,(anonymous_0)
FNDA:0,(anonymous_1)
DA:1,2
DA:2,2
DA:4,2
DA:5,2
DA:6,2
DA:8,2
DA:10,2
DA:21,0
DA:23,0
DA:24,0
DA:25,0
DA:27,0
DA:32,2
DA:40,0
DA:42,0
DA:43,0
DA:44,0
DA:46,0
DA:51,2
LF:19
LH:9
BRF:0
BRH:0
end_of_record
TN:
SF:/Users/uranium/Workstation/Sleep and Earn/MoJaams/backend/src/middlewares/index.js
FNF:0
FNH:0
DA:1,2
DA:3,2
LF:2
LH:2
BRF:0
BRH:0
end_of_record
TN:
SF:/Users/uranium/Workstation/Sleep and Earn/MoJaams/backend/src/middlewares/validator.js
FN:4,(anonymous_0)
FN:4,(anonymous_1)
FN:13,(anonymous_2)
FNF:3
FNH:3
FNDA:20,(anonymous_0)
FNDA:7,(anonymous_1)
FNDA:5,(anonymous_2)
DA:1,2
DA:2,2
DA:4,20
DA:5,7
DA:6,7
DA:7,7
DA:9,7
DA:10,2
DA:12,5
DA:13,5
DA:15,5
DA:18,5
DA:22,2
LF:13
LH:13
BRDA:9,0,0,2
BRDA:9,0,1,5
BRF:2
BRH:2
end_of_record
TN:
SF:/Users/uranium/Workstation/Sleep and Earn/MoJaams/backend/src/models/index.js
FN:24,(anonymous_0)
FN:27,(anonymous_1)
FN:32,(anonymous_2)
FNF:3
FNH:3
FNDA:18,(anonymous_0)
FNDA:15,(anonymous_1)
FNDA:15,(anonymous_2)
DA:1,3
DA:2,3
DA:3,3
DA:5,3
DA:6,3
DA:7,3
DA:8,3
DA:11,3
DA:12,0
DA:14,3
DA:22,3
DA:25,18
DA:28,15
DA:29,15
DA:32,3
DA:33,15
DA:34,15
DA:38,3
DA:39,3
DA:41,3
LF:20
LH:19
BRDA:6,0,0,3
BRDA:6,0,1,0
BRDA:11,1,0,0
BRDA:11,1,1,3
BRDA:25,2,0,18
BRDA:25,2,1,18
BRDA:25,2,2,15
BRDA:33,3,0,15
BRDA:33,3,1,0
BRF:9
BRH:6
end_of_record
TN:
SF:/Users/uranium/Workstation/Sleep and Earn/MoJaams/backend/src/models/item.js
FN:1,(anonymous_0)
FN:19,(anonymous_1)
FNF:2
FNH:2
FNDA:3,(anonymous_0)
FNDA:3,(anonymous_1)
DA:1,3
DA:2,3
DA:19,3
DA:20,3
DA:25,3
LF:5
LH:5
BRF:0
BRH:0
end_of_record
TN:
SF:/Users/uranium/Workstation/Sleep and Earn/MoJaams/backend/src/models/itemvariant.js
FN:1,(anonymous_0)
FN:22,(anonymous_1)
FNF:2
FNH:2
FNDA:3,(anonymous_0)
FNDA:3,(anonymous_1)
DA:1,3
DA:2,3
DA:22,3
DA:23,3
DA:27,3
DA:31,3
DA:36,3
LF:7
LH:7
BRF:0
BRH:0
end_of_record
TN:
SF:/Users/uranium/Workstation/Sleep and Earn/MoJaams/backend/src/models/order.js
FN:1,(anonymous_0)
FN:22,(anonymous_1)
FNF:2
FNH:2
FNDA:3,(anonymous_0)
FNDA:3,(anonymous_1)
DA:1,3
DA:2,3
DA:22,3
DA:23,3
DA:28,3
LF:5
LH:5
BRF:0
BRH:0
end_of_record
TN:
SF:/Users/uranium/Workstation/Sleep and Earn/MoJaams/backend/src/models/orderitem.js
FN:1,(anonymous_0)
FN:26,(anonymous_1)
FNF:2
FNH:2
FNDA:3,(anonymous_0)
FNDA:3,(anonymous_1)
DA:1,3
DA:2,3
DA:26,3
DA:27,3
DA:31,3
DA:36,3
LF:6
LH:6
BRF:0
BRH:0
end_of_record
TN:
SF:/Users/uranium/Workstation/Sleep and Earn/MoJaams/backend/src/models/variant.js
FN:1,(anonymous_0)
FN:14,(anonymous_1)
FNF:2
FNH:2
FNDA:3,(anonymous_0)
FNDA:3,(anonymous_1)
DA:1,3
DA:2,3
DA:14,3
DA:15,3
DA:20,3
LF:5
LH:5
BRF:0
BRH:0
end_of_record
TN:
SF:/Users/uranium/Workstation/Sleep and Earn/MoJaams/backend/src/services/error.js
FN:2,(anonymous_0)
FN:9,(anonymous_1)
FNF:2
FNH:2
FNDA:7,(anonymous_0)
FNDA:5,(anonymous_1)
DA:3,7
DA:4,7
DA:5,7
DA:9,2
DA:10,5
DA:11,5
DA:18,2
LF:7
LH:7
BRDA:10,0,0,0
BRF:1
BRH:0
end_of_record
TN:
SF:/Users/uranium/Workstation/Sleep and Earn/MoJaams/backend/src/services/itemVariants.js
FN:6,(anonymous_0)
FNF:1
FNH:1
FNDA:7,(anonymous_0)
DA:1,2
DA:2,2
DA:4,2
DA:6,2
DA:7,7
DA:25,7
DA:28,2
LF:7
LH:7
BRDA:6,0,0,4
BRDA:10,1,0,7
BRDA:10,1,1,3
BRF:3
BRH:3
end_of_record
TN:
SF:/Users/uranium/Workstation/Sleep and Earn/MoJaams/backend/src/services/items.js
FN:4,(anonymous_0)
FN:9,(anonymous_1)
FN:12,(anonymous_2)
FNF:3
FNH:1
FNDA:0,(anonymous_0)
FNDA:0,(anonymous_1)
FNDA:3,(anonymous_2)
DA:1,3
DA:2,3
DA:4,3
DA:5,0
DA:9,3
DA:10,0
DA:12,3
DA:13,3
DA:19,3
LF:9
LH:7
BRF:0
BRH:0
end_of_record
TN:
SF:/Users/uranium/Workstation/Sleep and Earn/MoJaams/backend/src/services/orderItems.js
FN:3,(anonymous_0)
FN:6,(anonymous_1)
FN:20,(anonymous_2)
FN:22,(anonymous_3)
FN:38,(anonymous_4)
FNF:5
FNH:2
FNDA:2,(anonymous_0)
FNDA:4,(anonymous_1)
FNDA:0,(anonymous_2)
FNDA:0,(anonymous_3)
FNDA:0,(anonymous_4)
DA:1,2
DA:3,2
DA:4,2
DA:5,2
DA:6,4
DA:16,0
DA:20,2
DA:21,0
DA:22,0
DA:23,0
DA:29,0
DA:32,0
DA:34,0
DA:38,2
DA:39,0
DA:40,0
DA:46,0
DA:48,0
DA:52,2
LF:19
LH:8
BRDA:24,0,0,0
BRDA:24,0,1,0
BRF:2
BRH:0
end_of_record
TN:
SF:/Users/uranium/Workstation/Sleep and Earn/MoJaams/backend/src/services/orders.js
FN:21,(anonymous_0)
FN:24,(anonymous_1)
FN:26,(anonymous_2)
FN:31,(anonymous_3)
FN:34,(anonymous_4)
FN:50,(anonymous_5)
FN:61,(anonymous_6)
FN:75,(anonymous_7)
FN:84,(anonymous_8)
FN:104,(anonymous_9)
FN:105,(anonymous_10)
FN:116,(anonymous_11)
FN:145,(anonymous_12)
FNF:13
FNH:6
FNDA:3,(anonymous_0)
FNDA:5,(anonymous_1)
FNDA:5,(anonymous_2)
FNDA:3,(anonymous_3)
FNDA:2,(anonymous_4)
FNDA:4,(anonymous_5)
FNDA:0,(anonymous_6)
FNDA:0,(anonymous_7)
FNDA:0,(anonymous_8)
FNDA:0,(anonymous_9)
FNDA:0,(anonymous_10)
FNDA:0,(anonymous_11)
FNDA:0,(anonymous_12)
DA:1,2
DA:9,2
DA:14,2
DA:15,2
DA:16,2
DA:17,2
DA:19,2
DA:21,2
DA:22,3
DA:24,5
DA:25,3
DA:26,5
DA:28,3
DA:31,2
DA:32,3
DA:33,3
DA:34,2
DA:35,2
DA:36,2
DA:45,2
DA:46,2
DA:50,4
DA:52,2
DA:54,0
DA:58,2
DA:61,2
DA:62,0
DA:64,0
DA:72,0
DA:75,2
DA:76,0
DA:77,0
DA:78,0
DA:84,0
DA:85,0
DA:86,0
DA:87,0
DA:100,0
DA:101,0
DA:104,0
DA:105,0
DA:106,0
DA:107,0
DA:109,0
DA:111,0
DA:116,2
DA:117,0
DA:142,0
DA:145,2
DA:146,0
DA:151,0
DA:159,0
DA:162,2
LF:53
LH:29
BRDA:22,0,0,0
BRDA:22,0,1,3
BRDA:31,1,0,0
BRDA:33,2,0,1
BRDA:33,2,1,2
BRDA:62,3,0,0
BRDA:62,3,1,0
BRDA:75,4,0,0
BRDA:77,5,0,0
BRDA:77,5,1,0
BRDA:86,6,0,0
BRDA:86,6,1,0
BRDA:100,7,0,0
BRDA:100,7,1,0
BRDA:106,8,0,0
BRDA:106,8,1,0
BRDA:109,9,0,0
BRDA:109,9,1,0
BRDA:145,10,0,0
BRDA:145,11,0,0
BRDA:148,12,0,0
BRDA:148,12,1,0
BRF:22
BRH:3
end_of_record
TN:
SF:/Users/uranium/Workstation/Sleep and Earn/MoJaams/backend/src/services/utils.js
FN:1,(anonymous_0)
FN:2,(anonymous_1)
FN:6,(anonymous_2)
FNF:3
FNH:2
FNDA:10,(anonymous_0)
FNDA:13,(anonymous_1)
FNDA:0,(anonymous_2)
DA:1,3
DA:2,10
DA:3,13
DA:4,8
DA:5,3
DA:6,0
DA:8,3
DA:9,3
DA:11,0
DA:13,5
DA:15,10
DA:19,10
DA:20,2
DA:23,8
DA:26,3
LF:15
LH:13
BRDA:3,0,0,8
BRDA:3,0,1,5
BRDA:3,1,0,13
BRDA:3,1,1,10
BRDA:4,2,0,3
BRDA:4,2,1,5
BRDA:5,3,0,3
BRDA:5,3,1,0
BRDA:6,4,0,0
BRDA:6,4,1,0
BRDA:19,5,0,2
BRDA:19,5,1,8
BRF:12
BRH:9
end_of_record
TN:
SF:/Users/uranium/Workstation/Sleep and Earn/MoJaams/backend/src/services/variants.js
FN:3,(anonymous_0)
FN:8,(anonymous_1)
FNF:2
FNH:0
FNDA:0,(anonymous_0)
FNDA:0,(anonymous_1)
DA:1,2
DA:3,2
DA:4,0
DA:8,2
DA:9,0
DA:11,2
LF:6
LH:4
BRF:0
BRH:0
end_of_record
